<?xml version="1.0" encoding="UTF-8"?>
<testsuite name="hello.WebMockTest" tests="1" skipped="0" failures="0" errors="0" timestamp="2018-02-10T13:40:01" hostname="igortxu" time="0.724">
  <properties/>
  <testcase name="greetingShouldReturnMessageFromService" classname="hello.WebMockTest" time="0.724"/>
  <system-out><![CDATA[14:39:49.152 [Test worker] DEBUG org.springframework.test.context.junit4.SpringJUnit4ClassRunner - SpringJUnit4ClassRunner constructor called with [class hello.WebMockTest]
14:39:49.152 [Test worker] DEBUG org.springframework.test.context.BootstrapUtils - Instantiating CacheAwareContextLoaderDelegate from class [org.springframework.test.context.cache.DefaultCacheAwareContextLoaderDelegate]
14:39:49.152 [Test worker] DEBUG org.springframework.test.context.BootstrapUtils - Instantiating BootstrapContext using constructor [public org.springframework.test.context.support.DefaultBootstrapContext(java.lang.Class,org.springframework.test.context.CacheAwareContextLoaderDelegate)]
14:39:49.154 [Test worker] DEBUG org.springframework.test.context.BootstrapUtils - Instantiating TestContextBootstrapper for test class [hello.WebMockTest] from class [org.springframework.boot.test.autoconfigure.web.servlet.WebMvcTestContextBootstrapper]
14:39:49.157 [Test worker] INFO org.springframework.boot.test.autoconfigure.web.servlet.WebMvcTestContextBootstrapper - Neither @ContextConfiguration nor @ContextHierarchy found for test class [hello.WebMockTest], using SpringBootContextLoader
14:39:49.158 [Test worker] DEBUG org.springframework.test.context.support.AbstractContextLoader - Did not detect default resource location for test class [hello.WebMockTest]: class path resource [hello/WebMockTest-context.xml] does not exist
14:39:49.159 [Test worker] DEBUG org.springframework.test.context.support.AbstractContextLoader - Did not detect default resource location for test class [hello.WebMockTest]: class path resource [hello/WebMockTestContext.groovy] does not exist
14:39:49.159 [Test worker] INFO org.springframework.test.context.support.AbstractContextLoader - Could not detect default resource locations for test class [hello.WebMockTest]: no resource found for suffixes {-context.xml, Context.groovy}.
14:39:49.159 [Test worker] INFO org.springframework.test.context.support.AnnotationConfigContextLoaderUtils - Could not detect default configuration classes for test class [hello.WebMockTest]: WebMockTest does not declare any static, non-private, non-final, nested classes annotated with @Configuration.
14:39:49.300 [Test worker] DEBUG org.springframework.test.context.support.ActiveProfilesUtils - Could not find an 'annotation declaring class' for annotation type [org.springframework.test.context.ActiveProfiles] and class [hello.WebMockTest]
14:39:49.300 [Test worker] DEBUG org.springframework.core.env.StandardEnvironment - Adding PropertySource 'systemProperties' with lowest search precedence
14:39:49.300 [Test worker] DEBUG org.springframework.core.env.StandardEnvironment - Adding PropertySource 'systemEnvironment' with lowest search precedence
14:39:49.302 [Test worker] DEBUG org.springframework.core.env.StandardEnvironment - Initialized StandardEnvironment with PropertySources [MapPropertySource@1849216213 {name='systemProperties', properties={java.runtime.name=Java(TM) SE Runtime Environment, sun.boot.library.path=C:\Java\jdk1.8.0_121\jre\bin, java.vm.version=25.121-b13, java.vm.vendor=Oracle Corporation, java.vendor.url=http://java.oracle.com/, path.separator=;, java.vm.name=Java HotSpot(TM) 64-Bit Server VM, file.encoding.pkg=sun.io, user.script=, sun.java.launcher=SUN_STANDARD, user.country=US, sun.os.patch.level=, java.vm.specification.name=Java Virtual Machine Specification, user.dir=C:\Users\igor\workspace-sts-3.9.2.RELEASE\gs-testing-web-complete, java.runtime.version=1.8.0_121-b13, java.awt.graphicsenv=sun.awt.Win32GraphicsEnvironment, java.endorsed.dirs=C:\Java\jdk1.8.0_121\jre\lib\endorsed, os.arch=amd64, java.io.tmpdir=C:\Users\igor\AppData\Local\Temp\, line.separator=
, java.vm.specification.vendor=Oracle Corporation, user.variant=, os.name=Windows 10, sun.jnu.encoding=Cp1252, java.library.path=C:\Java\jdk1.8.0_121\bin;C:\WINDOWS\Sun\Java\bin;C:\WINDOWS\system32;C:\WINDOWS;C:/Java/jdk1.8.0_121/jre/bin/server;C:/Java/jdk1.8.0_121/jre/bin;C:/Java/jdk1.8.0_121/jre/lib/amd64;C:\wamp\bin\php\php5.5.12;C:\WINDOWS\system32;C:\WINDOWS;C:\WINDOWS\System32\Wbem;C:\WINDOWS\System32\WindowsPowerShell\v1.0;C:\Program Files\Java\jre1.8.0_25\bin;C:\ProgramData\ComposerSetup\bin;C:\Users\igor\AppData\Roaming\Composer\vendor\bin;C:\android-sdk\platform-tools;C:\OpenSSL-Win32\bin;C:\android-sdk\tools;C:\WINDOWS\System32\WindowsPowerShell\v1.0\;C:\wp-cli\bin;C:\Program Files\apache-maven-3.5.2\bin;C:\Java\jdk1.8.0_121\jre\bin;C:\Users\igor\scoop\shims;C:\Users\igor\AppData\Local\Microsoft\WindowsApps;;C:\Program Files\sts-bundle\sts-3.9.2.RELEASE;;., java.specification.name=Java Platform API Specification, java.class.version=52.0, org.gradle.native=false, sun.management.compiler=HotSpot 64-Bit Tiered Compilers, os.version=10.0, user.home=C:\Users\igor, user.timezone=Europe/Paris, java.awt.printerjob=sun.awt.windows.WPrinterJob, file.encoding=windows-1252, java.specification.version=1.8, java.class.path=C:\Users\igor\workspace-sts-3.9.2.RELEASE\gs-testing-web-complete\build\classes\java\test;C:\Users\igor\workspace-sts-3.9.2.RELEASE\gs-testing-web-complete\build\resources\test;C:\Users\igor\workspace-sts-3.9.2.RELEASE\gs-testing-web-complete\build\classes\java\main;C:\Users\igor\workspace-sts-3.9.2.RELEASE\gs-testing-web-complete\build\resources\main;C:\Users\igor\.gradle\caches\modules-2\files-2.1\org.springframework.boot\spring-boot-starter-web\1.5.10.RELEASE\8bc445f3ee81e5322e46b28cbb33bca1800b69d9\spring-boot-starter-web-1.5.10.RELEASE.jar;C:\Users\igor\.gradle\caches\modules-2\files-2.1\org.springframework.boot\spring-boot-starter-test\1.5.10.RELEASE\d4e1be51061d71b55f4bd4458d8437d1b943a70\spring-boot-starter-test-1.5.10.RELEASE.jar;C:\Users\igor\.gradle\caches\modules-2\files-2.1\org.springframework.boot\spring-boot-starter\1.5.10.RELEASE\d935ac98f84c1d97d7ccd702d21abdc236fa7aa0\spring-boot-starter-1.5.10.RELEASE.jar;C:\Users\igor\.gradle\caches\modules-2\files-2.1\org.springframework.boot\spring-boot-starter-tomcat\1.5.10.RELEASE\11e474e265f1c68fc435dddbac42ab3574b5e4b6\spring-boot-starter-tomcat-1.5.10.RELEASE.jar;C:\Users\igor\.gradle\caches\modules-2\files-2.1\org.hibernate\hibernate-validator\5.3.6.Final\4c730be8bf55a8e9a61e79a2f2c079abf48b718\hibernate-validator-5.3.6.Final.jar;C:\Users\igor\.gradle\caches\modules-2\files-2.1\com.fasterxml.jackson.core\jackson-databind\2.8.10\f7b83cb2bc4b88d53961e749e1ad32f49ef017b7\jackson-databind-2.8.10.jar;C:\Users\igor\.gradle\caches\modules-2\files-2.1\org.springframework\spring-webmvc\4.3.14.RELEASE\1571eab8a807005d424ca16fedd54b1f439787b2\spring-webmvc-4.3.14.RELEASE.jar;C:\Users\igor\.gradle\caches\modules-2\files-2.1\org.springframework\spring-web\4.3.14.RELEASE\a0c3bf3ad661db185675bd5af350f35ed11f0903\spring-web-4.3.14.RELEASE.jar;C:\Users\igor\.gradle\caches\modules-2\files-2.1\org.springframework.boot\spring-boot-test-autoconfigure\1.5.10.RELEASE\55242f7c194fb141de8460a92e92b716469fc3a8\spring-boot-test-autoconfigure-1.5.10.RELEASE.jar;C:\Users\igor\.gradle\caches\modules-2\files-2.1\org.springframework.boot\spring-boot-test\1.5.10.RELEASE\b7f28e8896906f0bbbb951727a7c5581c562d1c9\spring-boot-test-1.5.10.RELEASE.jar;C:\Users\igor\.gradle\caches\modules-2\files-2.1\com.jayway.jsonpath\json-path\2.2.0\22290d17944bd239fabf5ac69005a60a7ecbbbcb\json-path-2.2.0.jar;C:\Users\igor\.gradle\caches\modules-2\files-2.1\junit\junit\4.12\2973d150c0dc1fefe998f834810d68f278ea58ec\junit-4.12.jar;C:\Users\igor\.gradle\caches\modules-2\files-2.1\org.assertj\assertj-core\2.6.0\b532c3fc4f66bcfee4989a3514f1cd56203a33ad\assertj-core-2.6.0.jar;C:\Users\igor\.gradle\caches\modules-2\files-2.1\org.mockito\mockito-core\1.10.19\e8546f5bef4e061d8dd73895b4e8f40e3fe6effe\mockito-core-1.10.19.jar;C:\Users\igor\.gradle\caches\modules-2\files-2.1\org.hamcrest\hamcrest-library\1.3\4785a3c21320980282f9f33d0d1264a69040538f\hamcrest-library-1.3.jar;C:\Users\igor\.gradle\caches\modules-2\files-2.1\org.hamcrest\hamcrest-core\1.3\42a25dc3219429f0e5d060061f71acb49bf010a0\hamcrest-core-1.3.jar;C:\Users\igor\.gradle\caches\modules-2\files-2.1\org.skyscreamer\jsonassert\1.4.0\9cdbb373a06f6513e51e8c545ee6a5e981463edb\jsonassert-1.4.0.jar;C:\Users\igor\.gradle\caches\modules-2\files-2.1\org.springframework\spring-test\4.3.14.RELEASE\1a7f6f51a263a3e09e94403653348b3864412c53\spring-test-4.3.14.RELEASE.jar;C:\Users\igor\.gradle\caches\modules-2\files-2.1\org.springframework.boot\spring-boot-autoconfigure\1.5.10.RELEASE\be96efab0d35181f18c486b0ec8d6a41a7042fce\spring-boot-autoconfigure-1.5.10.RELEASE.jar;C:\Users\igor\.gradle\caches\modules-2\files-2.1\org.springframework.boot\spring-boot\1.5.10.RELEASE\594b3efa04829f62754a19f59f81ba204636167a\spring-boot-1.5.10.RELEASE.jar;C:\Users\igor\.gradle\caches\modules-2\files-2.1\org.springframework\spring-context\4.3.14.RELEASE\e50a712960926c30e537ef4a633f5d9dd5a8b155\spring-context-4.3.14.RELEASE.jar;C:\Users\igor\.gradle\caches\modules-2\files-2.1\org.springframework\spring-aop\4.3.14.RELEASE\dfe55b0592aead8e3eb0e6a4e98db433b9e09bd7\spring-aop-4.3.14.RELEASE.jar;C:\Users\igor\.gradle\caches\modules-2\files-2.1\org.springframework\spring-beans\4.3.14.RELEASE\7bcd17a68dd64e9447d7bff2c42ba7417678596e\spring-beans-4.3.14.RELEASE.jar;C:\Users\igor\.gradle\caches\modules-2\files-2.1\org.springframework\spring-expression\4.3.14.RELEASE\58477b44debcb49b09e962e3047ee74c2c033e89\spring-expression-4.3.14.RELEASE.jar;C:\Users\igor\.gradle\caches\modules-2\files-2.1\org.springframework\spring-core\4.3.14.RELEASE\c70ddb6204457a802d1f6882d65bca3e5b3c41df\spring-core-4.3.14.RELEASE.jar;C:\Users\igor\.gradle\caches\modules-2\files-2.1\org.springframework.boot\spring-boot-starter-logging\1.5.10.RELEASE\62c73688208b3173645d6701fc3eb95ca657e6c8\spring-boot-starter-logging-1.5.10.RELEASE.jar;C:\Users\igor\.gradle\caches\modules-2\files-2.1\org.yaml\snakeyaml\1.17\7a27ea250c5130b2922b86dea63cbb1cc10a660c\snakeyaml-1.17.jar;C:\Users\igor\.gradle\caches\modules-2\files-2.1\org.apache.tomcat.embed\tomcat-embed-websocket\8.5.27\3cba1c5187a17b0233de5712024d6e144036ba9a\tomcat-embed-websocket-8.5.27.jar;C:\Users\igor\.gradle\caches\modules-2\files-2.1\org.apache.tomcat.embed\tomcat-embed-core\8.5.27\a10612f0af27c7bfcc4e8d88393adad1fc5b4ece\tomcat-embed-core-8.5.27.jar;C:\Users\igor\.gradle\caches\modules-2\files-2.1\org.apache.tomcat.embed\tomcat-embed-el\8.5.27\5a591bcf5c930d2b37bb40c0f95180604a3b1a57\tomcat-embed-el-8.5.27.jar;C:\Users\igor\.gradle\caches\modules-2\files-2.1\javax.validation\validation-api\1.1.0.Final\8613ae82954779d518631e05daa73a6a954817d5\validation-api-1.1.0.Final.jar;C:\Users\igor\.gradle\caches\modules-2\files-2.1\org.jboss.logging\jboss-logging\3.3.1.Final\c46217ab74b532568c0ed31dc599db3048bd1b67\jboss-logging-3.3.1.Final.jar;C:\Users\igor\.gradle\caches\modules-2\files-2.1\com.fasterxml\classmate\1.3.4\3d5f48f10bbe4eb7bd862f10c0583be2e0053c6\classmate-1.3.4.jar;C:\Users\igor\.gradle\caches\modules-2\files-2.1\com.fasterxml.jackson.core\jackson-annotations\2.8.0\45b426f7796b741035581a176744d91090e2e6fb\jackson-annotations-2.8.0.jar;C:\Users\igor\.gradle\caches\modules-2\files-2.1\com.fasterxml.jackson.core\jackson-core\2.8.10\eb21a035c66ad307e66ec8fce37f5d50fd62d039\jackson-core-2.8.10.jar;C:\Users\igor\.gradle\caches\modules-2\files-2.1\net.minidev\json-smart\2.2.1\5b9e5df7a62d1279b70dc882b041d249c4f0b002\json-smart-2.2.1.jar;C:\Users\igor\.gradle\caches\modules-2\files-2.1\ch.qos.logback\logback-classic\1.1.11\ccedfbacef4a6515d2983e3f89ed753d5d4fb665\logback-classic-1.1.11.jar;C:\Users\igor\.gradle\caches\modules-2\files-2.1\org.slf4j\jcl-over-slf4j\1.7.25\f8c32b13ff142a513eeb5b6330b1588dcb2c0461\jcl-over-slf4j-1.7.25.jar;C:\Users\igor\.gradle\caches\modules-2\files-2.1\org.slf4j\jul-to-slf4j\1.7.25\af5364cd6679bfffb114f0dec8a157aaa283b76\jul-to-slf4j-1.7.25.jar;C:\Users\igor\.gradle\caches\modules-2\files-2.1\org.slf4j\log4j-over-slf4j\1.7.25\a87bb47468f47ee7aabbd54f93e133d4215769c3\log4j-over-slf4j-1.7.25.jar;C:\Users\igor\.gradle\caches\modules-2\files-2.1\org.slf4j\slf4j-api\1.7.25\da76ca59f6a57ee3102f8f9bd9cee742973efa8a\slf4j-api-1.7.25.jar;C:\Users\igor\.gradle\caches\modules-2\files-2.1\org.objenesis\objenesis\2.1\87c0ea803b69252868d09308b4618f766f135a96\objenesis-2.1.jar;C:\Users\igor\.gradle\caches\modules-2\files-2.1\com.vaadin.external.google\android-json\0.0.20131108.vaadin1\fa26d351fe62a6a17f5cda1287c1c6110dec413f\android-json-0.0.20131108.vaadin1.jar;C:\Users\igor\.gradle\caches\modules-2\files-2.1\org.apache.tomcat\tomcat-annotations-api\8.5.27\122c0a4acaba72bf4590e83c9fbcb3475c46edc5\tomcat-annotations-api-8.5.27.jar;C:\Users\igor\.gradle\caches\modules-2\files-2.1\net.minidev\accessors-smart\1.1\a527213f2fea112a04c9bdf0ec0264e34104cd08\accessors-smart-1.1.jar;C:\Users\igor\.gradle\caches\modules-2\files-2.1\ch.qos.logback\logback-core\1.1.11\88b8df40340eed549fb07e2613879bf6b006704d\logback-core-1.1.11.jar;C:\Users\igor\.gradle\caches\modules-2\files-2.1\org.ow2.asm\asm\5.0.3\dcc2193db20e19e1feca8b1240dbbc4e190824fa\asm-5.0.3.jar, user.name=igor, java.vm.specification.version=1.8, sun.java.command=worker.org.gradle.process.internal.worker.GradleWorkerMain 'Gradle Test Executor 3', java.home=C:\Java\jdk1.8.0_121\jre, sun.arch.data.model=64, user.language=en, java.specification.vendor=Oracle Corporation, awt.toolkit=sun.awt.windows.WToolkit, java.vm.info=mixed mode, java.version=1.8.0_121, java.ext.dirs=C:\Java\jdk1.8.0_121\jre\lib\ext;C:\WINDOWS\Sun\Java\lib\ext, sun.boot.class.path=C:\Java\jdk1.8.0_121\jre\lib\resources.jar;C:\Java\jdk1.8.0_121\jre\lib\rt.jar;C:\Java\jdk1.8.0_121\jre\lib\sunrsasign.jar;C:\Java\jdk1.8.0_121\jre\lib\jsse.jar;C:\Java\jdk1.8.0_121\jre\lib\jce.jar;C:\Java\jdk1.8.0_121\jre\lib\charsets.jar;C:\Java\jdk1.8.0_121\jre\lib\jfr.jar;C:\Java\jdk1.8.0_121\jre\classes, java.vendor=Oracle Corporation, org.gradle.test.worker=3, file.separator=\, java.vendor.url.bug=http://bugreport.sun.com/bugreport/, sun.io.unicode.encoding=UnicodeLittle, sun.cpu.endian=little, sun.desktop=windows, sun.cpu.isalist=amd64}}, SystemEnvironmentPropertySource@290736893 {name='systemEnvironment', properties={USERDOMAIN_ROAMINGPROFILE=IGORTXU, OPENSSL_CONF=C:\OpenSSL-Win32\bin\openssl.cfg, LOCALAPPDATA=C:\Users\igor\AppData\Local, PROCESSOR_LEVEL=6, FP_NO_HOST_CHECK=NO, USERDOMAIN=IGORTXU, LOGONSERVER=\\IGORTXU, SESSIONNAME=Console, ALLUSERSPROFILE=C:\ProgramData, PROCESSOR_ARCHITECTURE=AMD64, GIT_INSTALL_ROOT=C:\Users\igor\scoop\apps\git\current, ANDROID_HOME=C:\android-sdk, PSModulePath=C:\WINDOWS\system32\WindowsPowerShell\v1.0\Modules\, SystemDrive=C:, asl.log=Destination=file, OneDrive=C:\Users\igor\OneDrive, APPDATA=C:\Users\igor\AppData\Roaming, USERNAME=igor, ProgramFiles(x86)=C:\Program Files (x86), CommonProgramFiles=C:\Program Files\Common Files, Path=C:/Java/jdk1.8.0_121/jre/bin/server;C:/Java/jdk1.8.0_121/jre/bin;C:/Java/jdk1.8.0_121/jre/lib/amd64;C:\wamp\bin\php\php5.5.12;C:\WINDOWS\system32;C:\WINDOWS;C:\WINDOWS\System32\Wbem;C:\WINDOWS\System32\WindowsPowerShell\v1.0;C:\Program Files\Java\jre1.8.0_25\bin;C:\ProgramData\ComposerSetup\bin;C:\Users\igor\AppData\Roaming\Composer\vendor\bin;C:\android-sdk\platform-tools;C:\OpenSSL-Win32\bin;C:\android-sdk\tools;C:\WINDOWS\System32\WindowsPowerShell\v1.0\;C:\wp-cli\bin;C:\Program Files\apache-maven-3.5.2\bin;C:\Java\jdk1.8.0_121\jre\bin;C:\Users\igor\scoop\shims;C:\Users\igor\AppData\Local\Microsoft\WindowsApps;;C:\Program Files\sts-bundle\sts-3.9.2.RELEASE;, TESSDATA_PREFIX=C:\Program Files (x86)\Tesseract-OCR\, ANDROID_SDK=C:\android-sdk, PATHEXT=.COM;.EXE;.BAT;.CMD;.VBS;.VBE;.JS;.JSE;.WSF;.WSH;.MSC, OS=Windows_NT, COMPUTERNAME=IGORTXU, PROCESSOR_REVISION=170a, CommonProgramW6432=C:\Program Files\Common Files, ComSpec=C:\WINDOWS\system32\cmd.exe, ProgramData=C:\ProgramData, ProgramW6432=C:\Program Files, HOMEPATH=\Users\igor, SystemRoot=C:\WINDOWS, TEMP=C:\Users\igor\AppData\Local\Temp, HOMEDRIVE=C:, PROCESSOR_IDENTIFIER=Intel64 Family 6 Model 23 Stepping 10, GenuineIntel, USERPROFILE=C:\Users\igor, TMP=C:\Users\igor\AppData\Local\Temp, CommonProgramFiles(x86)=C:\Program Files (x86)\Common Files, ProgramFiles=C:\Program Files, PUBLIC=C:\Users\Public, NUMBER_OF_PROCESSORS=4, windir=C:\WINDOWS}}]
14:39:49.304 [Test worker] INFO org.springframework.boot.test.context.SpringBootTestContextBootstrapper - Found @SpringBootConfiguration hello.Application for test class hello.WebMockTest
14:39:49.309 [Test worker] DEBUG org.springframework.boot.test.autoconfigure.web.servlet.WebMvcTestContextBootstrapper - @TestExecutionListeners is not present for class [hello.WebMockTest]: using defaults.
14:39:49.331 [Test worker] INFO org.springframework.boot.test.autoconfigure.web.servlet.WebMvcTestContextBootstrapper - Loaded default TestExecutionListener class names from location [META-INF/spring.factories]: [org.springframework.boot.test.autoconfigure.restdocs.RestDocsTestExecutionListener, org.springframework.boot.test.autoconfigure.web.client.MockRestServiceServerResetTestExecutionListener, org.springframework.boot.test.autoconfigure.web.servlet.MockMvcPrintOnlyOnFailureTestExecutionListener, org.springframework.boot.test.autoconfigure.web.servlet.WebDriverTestExecutionListener, org.springframework.boot.test.mock.mockito.MockitoTestExecutionListener, org.springframework.boot.test.mock.mockito.ResetMocksTestExecutionListener, org.springframework.test.context.web.ServletTestExecutionListener, org.springframework.test.context.support.DirtiesContextBeforeModesTestExecutionListener, org.springframework.test.context.support.DependencyInjectionTestExecutionListener, org.springframework.test.context.support.DirtiesContextTestExecutionListener, org.springframework.test.context.transaction.TransactionalTestExecutionListener, org.springframework.test.context.jdbc.SqlScriptsTestExecutionListener]
14:39:49.341 [Test worker] DEBUG org.springframework.boot.test.autoconfigure.web.servlet.WebMvcTestContextBootstrapper - Could not instantiate TestExecutionListener [org.springframework.test.context.transaction.TransactionalTestExecutionListener]. Specify custom listener classes or make the default listener classes (and their required dependencies) available. Offending class: [org/springframework/transaction/interceptor/TransactionAttributeSource]
14:39:49.371 [Test worker] DEBUG org.springframework.boot.test.autoconfigure.web.servlet.WebMvcTestContextBootstrapper - Could not instantiate TestExecutionListener [org.springframework.test.context.jdbc.SqlScriptsTestExecutionListener]. Specify custom listener classes or make the default listener classes (and their required dependencies) available. Offending class: [org/springframework/transaction/interceptor/TransactionAttribute]
14:39:49.394 [Test worker] INFO org.springframework.boot.test.autoconfigure.web.servlet.WebMvcTestContextBootstrapper - Using TestExecutionListeners: [org.springframework.test.context.web.ServletTestExecutionListener@3fa30c5, org.springframework.test.context.support.DirtiesContextBeforeModesTestExecutionListener@22f6cb54, org.springframework.boot.test.autoconfigure.SpringBootDependencyInjectionTestExecutionListener@26614433, org.springframework.test.context.support.DirtiesContextTestExecutionListener@4c2f89f8, org.springframework.boot.test.autoconfigure.restdocs.RestDocsTestExecutionListener@1e81e4a0, org.springframework.boot.test.autoconfigure.web.client.MockRestServiceServerResetTestExecutionListener@a39304f, org.springframework.boot.test.autoconfigure.web.servlet.MockMvcPrintOnlyOnFailureTestExecutionListener@26d5bde7, org.springframework.boot.test.autoconfigure.web.servlet.WebDriverTestExecutionListener@1685908c, org.springframework.boot.test.mock.mockito.MockitoTestExecutionListener@7b0d218, org.springframework.boot.test.mock.mockito.ResetMocksTestExecutionListener@444831e9]
14:39:49.397 [Test worker] DEBUG org.springframework.test.annotation.ProfileValueUtils - Retrieved @ProfileValueSourceConfiguration [null] for test class [hello.WebMockTest]
14:39:49.398 [Test worker] DEBUG org.springframework.test.annotation.ProfileValueUtils - Retrieved ProfileValueSource type [class org.springframework.test.annotation.SystemProfileValueSource] for class [hello.WebMockTest]
14:39:49.401 [Test worker] DEBUG org.springframework.test.annotation.ProfileValueUtils - Retrieved @ProfileValueSourceConfiguration [null] for test class [hello.WebMockTest]
14:39:49.404 [Test worker] DEBUG org.springframework.test.annotation.ProfileValueUtils - Retrieved ProfileValueSource type [class org.springframework.test.annotation.SystemProfileValueSource] for class [hello.WebMockTest]
14:39:49.410 [Test worker] DEBUG org.springframework.test.annotation.ProfileValueUtils - Retrieved @ProfileValueSourceConfiguration [null] for test class [hello.WebMockTest]
14:39:49.418 [Test worker] DEBUG org.springframework.test.annotation.ProfileValueUtils - Retrieved ProfileValueSource type [class org.springframework.test.annotation.SystemProfileValueSource] for class [hello.WebMockTest]
14:39:49.425 [Test worker] DEBUG org.springframework.test.context.support.AbstractDirtiesContextTestExecutionListener - Before test class: context [DefaultTestContext@6a0181ef testClass = WebMockTest, testInstance = [null], testMethod = [null], testException = [null], mergedContextConfiguration = [WebMergedContextConfiguration@6cc827be testClass = WebMockTest, locations = '{}', classes = '{class hello.Application}', contextInitializerClasses = '[]', activeProfiles = '{}', propertySourceLocations = '{}', propertySourceProperties = '{org.springframework.boot.test.autoconfigure.web.servlet.WebMvcTestContextBootstrapper=true}', contextCustomizers = set[org.springframework.boot.test.autoconfigure.OverrideAutoConfigurationContextCustomizerFactory$DisableAutoConfigurationContextCustomizer@6a25f1fc, org.springframework.boot.test.autoconfigure.filter.TypeExcludeFiltersContextCustomizer@646f750e, org.springframework.boot.test.autoconfigure.properties.PropertyMappingContextCustomizer@d94e543, org.springframework.boot.test.autoconfigure.web.servlet.WebDriverContextCustomizerFactory$Customizer@673756b1, [ImportsContextCustomizer@42023ce1 key = [org.springframework.boot.autoconfigure.cache.CacheAutoConfiguration, org.springframework.boot.autoconfigure.context.MessageSourceAutoConfiguration, org.springframework.boot.autoconfigure.freemarker.FreeMarkerAutoConfiguration, org.springframework.boot.autoconfigure.groovy.template.GroovyTemplateAutoConfiguration, org.springframework.boot.autoconfigure.gson.GsonAutoConfiguration, org.springframework.boot.autoconfigure.hateoas.HypermediaAutoConfiguration, org.springframework.boot.autoconfigure.jackson.JacksonAutoConfiguration, org.springframework.boot.autoconfigure.mustache.MustacheAutoConfiguration, org.springframework.boot.autoconfigure.thymeleaf.ThymeleafAutoConfiguration, org.springframework.boot.autoconfigure.validation.ValidationAutoConfiguration, org.springframework.boot.autoconfigure.web.ErrorMvcAutoConfiguration, org.springframework.boot.autoconfigure.web.HttpMessageConvertersAutoConfiguration, org.springframework.boot.autoconfigure.web.ServerPropertiesAutoConfiguration, org.springframework.boot.autoconfigure.web.WebMvcAutoConfiguration, org.springframework.boot.test.autoconfigure.web.servlet.MockMvcAutoConfiguration, org.springframework.boot.test.autoconfigure.web.servlet.MockMvcSecurityAutoConfiguration, org.springframework.boot.test.autoconfigure.web.servlet.MockMvcWebClientAutoConfiguration, org.springframework.boot.test.autoconfigure.web.servlet.MockMvcWebDriverAutoConfiguration]], org.springframework.boot.test.context.filter.ExcludeFilterContextCustomizer@44ee02e3, org.springframework.boot.test.json.DuplicateJsonObjectContextCustomizerFactory$DuplicateJsonObjectContextCustomizer@4141eef7, org.springframework.boot.test.mock.mockito.MockitoContextCustomizer@d87a0cc0], resourceBasePath = '', contextLoader = 'org.springframework.boot.test.context.SpringBootContextLoader', parent = [null]]], class annotated with @DirtiesContext [false] with mode [null].
14:39:49.432 [Test worker] DEBUG org.springframework.test.annotation.ProfileValueUtils - Retrieved @ProfileValueSourceConfiguration [null] for test class [hello.WebMockTest]
14:39:49.435 [Test worker] DEBUG org.springframework.test.annotation.ProfileValueUtils - Retrieved ProfileValueSource type [class org.springframework.test.annotation.SystemProfileValueSource] for class [hello.WebMockTest]
14:39:49.439 [Test worker] DEBUG org.springframework.test.context.support.DependencyInjectionTestExecutionListener - Performing dependency injection for test context [[DefaultTestContext@6a0181ef testClass = WebMockTest, testInstance = hello.WebMockTest@32183498, testMethod = [null], testException = [null], mergedContextConfiguration = [WebMergedContextConfiguration@6cc827be testClass = WebMockTest, locations = '{}', classes = '{class hello.Application}', contextInitializerClasses = '[]', activeProfiles = '{}', propertySourceLocations = '{}', propertySourceProperties = '{org.springframework.boot.test.autoconfigure.web.servlet.WebMvcTestContextBootstrapper=true}', contextCustomizers = set[org.springframework.boot.test.autoconfigure.OverrideAutoConfigurationContextCustomizerFactory$DisableAutoConfigurationContextCustomizer@6a25f1fc, org.springframework.boot.test.autoconfigure.filter.TypeExcludeFiltersContextCustomizer@646f750e, org.springframework.boot.test.autoconfigure.properties.PropertyMappingContextCustomizer@d94e543, org.springframework.boot.test.autoconfigure.web.servlet.WebDriverContextCustomizerFactory$Customizer@673756b1, [ImportsContextCustomizer@42023ce1 key = [org.springframework.boot.autoconfigure.cache.CacheAutoConfiguration, org.springframework.boot.autoconfigure.context.MessageSourceAutoConfiguration, org.springframework.boot.autoconfigure.freemarker.FreeMarkerAutoConfiguration, org.springframework.boot.autoconfigure.groovy.template.GroovyTemplateAutoConfiguration, org.springframework.boot.autoconfigure.gson.GsonAutoConfiguration, org.springframework.boot.autoconfigure.hateoas.HypermediaAutoConfiguration, org.springframework.boot.autoconfigure.jackson.JacksonAutoConfiguration, org.springframework.boot.autoconfigure.mustache.MustacheAutoConfiguration, org.springframework.boot.autoconfigure.thymeleaf.ThymeleafAutoConfiguration, org.springframework.boot.autoconfigure.validation.ValidationAutoConfiguration, org.springframework.boot.autoconfigure.web.ErrorMvcAutoConfiguration, org.springframework.boot.autoconfigure.web.HttpMessageConvertersAutoConfiguration, org.springframework.boot.autoconfigure.web.ServerPropertiesAutoConfiguration, org.springframework.boot.autoconfigure.web.WebMvcAutoConfiguration, org.springframework.boot.test.autoconfigure.web.servlet.MockMvcAutoConfiguration, org.springframework.boot.test.autoconfigure.web.servlet.MockMvcSecurityAutoConfiguration, org.springframework.boot.test.autoconfigure.web.servlet.MockMvcWebClientAutoConfiguration, org.springframework.boot.test.autoconfigure.web.servlet.MockMvcWebDriverAutoConfiguration]], org.springframework.boot.test.context.filter.ExcludeFilterContextCustomizer@44ee02e3, org.springframework.boot.test.json.DuplicateJsonObjectContextCustomizerFactory$DuplicateJsonObjectContextCustomizer@4141eef7, org.springframework.boot.test.mock.mockito.MockitoContextCustomizer@d87a0cc0], resourceBasePath = '', contextLoader = 'org.springframework.boot.test.context.SpringBootContextLoader', parent = [null]]]].
14:39:49.697 [Test worker] DEBUG org.springframework.core.env.StandardEnvironment - Adding PropertySource 'systemProperties' with lowest search precedence
14:39:49.697 [Test worker] DEBUG org.springframework.core.env.StandardEnvironment - Adding PropertySource 'systemEnvironment' with lowest search precedence
14:39:49.697 [Test worker] DEBUG org.springframework.core.env.StandardEnvironment - Initialized StandardEnvironment with PropertySources [MapPropertySource@728296314 {name='systemProperties', properties={java.runtime.name=Java(TM) SE Runtime Environment, sun.boot.library.path=C:\Java\jdk1.8.0_121\jre\bin, java.vm.version=25.121-b13, java.vm.vendor=Oracle Corporation, java.vendor.url=http://java.oracle.com/, path.separator=;, java.vm.name=Java HotSpot(TM) 64-Bit Server VM, file.encoding.pkg=sun.io, user.script=, sun.java.launcher=SUN_STANDARD, user.country=US, sun.os.patch.level=, java.vm.specification.name=Java Virtual Machine Specification, user.dir=C:\Users\igor\workspace-sts-3.9.2.RELEASE\gs-testing-web-complete, java.runtime.version=1.8.0_121-b13, java.awt.graphicsenv=sun.awt.Win32GraphicsEnvironment, java.endorsed.dirs=C:\Java\jdk1.8.0_121\jre\lib\endorsed, os.arch=amd64, java.io.tmpdir=C:\Users\igor\AppData\Local\Temp\, line.separator=
, java.vm.specification.vendor=Oracle Corporation, user.variant=, os.name=Windows 10, sun.jnu.encoding=Cp1252, java.library.path=C:\Java\jdk1.8.0_121\bin;C:\WINDOWS\Sun\Java\bin;C:\WINDOWS\system32;C:\WINDOWS;C:/Java/jdk1.8.0_121/jre/bin/server;C:/Java/jdk1.8.0_121/jre/bin;C:/Java/jdk1.8.0_121/jre/lib/amd64;C:\wamp\bin\php\php5.5.12;C:\WINDOWS\system32;C:\WINDOWS;C:\WINDOWS\System32\Wbem;C:\WINDOWS\System32\WindowsPowerShell\v1.0;C:\Program Files\Java\jre1.8.0_25\bin;C:\ProgramData\ComposerSetup\bin;C:\Users\igor\AppData\Roaming\Composer\vendor\bin;C:\android-sdk\platform-tools;C:\OpenSSL-Win32\bin;C:\android-sdk\tools;C:\WINDOWS\System32\WindowsPowerShell\v1.0\;C:\wp-cli\bin;C:\Program Files\apache-maven-3.5.2\bin;C:\Java\jdk1.8.0_121\jre\bin;C:\Users\igor\scoop\shims;C:\Users\igor\AppData\Local\Microsoft\WindowsApps;;C:\Program Files\sts-bundle\sts-3.9.2.RELEASE;;., java.specification.name=Java Platform API Specification, java.class.version=52.0, org.gradle.native=false, sun.management.compiler=HotSpot 64-Bit Tiered Compilers, os.version=10.0, user.home=C:\Users\igor, user.timezone=Europe/Paris, java.awt.printerjob=sun.awt.windows.WPrinterJob, file.encoding=windows-1252, java.specification.version=1.8, java.class.path=C:\Users\igor\workspace-sts-3.9.2.RELEASE\gs-testing-web-complete\build\classes\java\test;C:\Users\igor\workspace-sts-3.9.2.RELEASE\gs-testing-web-complete\build\resources\test;C:\Users\igor\workspace-sts-3.9.2.RELEASE\gs-testing-web-complete\build\classes\java\main;C:\Users\igor\workspace-sts-3.9.2.RELEASE\gs-testing-web-complete\build\resources\main;C:\Users\igor\.gradle\caches\modules-2\files-2.1\org.springframework.boot\spring-boot-starter-web\1.5.10.RELEASE\8bc445f3ee81e5322e46b28cbb33bca1800b69d9\spring-boot-starter-web-1.5.10.RELEASE.jar;C:\Users\igor\.gradle\caches\modules-2\files-2.1\org.springframework.boot\spring-boot-starter-test\1.5.10.RELEASE\d4e1be51061d71b55f4bd4458d8437d1b943a70\spring-boot-starter-test-1.5.10.RELEASE.jar;C:\Users\igor\.gradle\caches\modules-2\files-2.1\org.springframework.boot\spring-boot-starter\1.5.10.RELEASE\d935ac98f84c1d97d7ccd702d21abdc236fa7aa0\spring-boot-starter-1.5.10.RELEASE.jar;C:\Users\igor\.gradle\caches\modules-2\files-2.1\org.springframework.boot\spring-boot-starter-tomcat\1.5.10.RELEASE\11e474e265f1c68fc435dddbac42ab3574b5e4b6\spring-boot-starter-tomcat-1.5.10.RELEASE.jar;C:\Users\igor\.gradle\caches\modules-2\files-2.1\org.hibernate\hibernate-validator\5.3.6.Final\4c730be8bf55a8e9a61e79a2f2c079abf48b718\hibernate-validator-5.3.6.Final.jar;C:\Users\igor\.gradle\caches\modules-2\files-2.1\com.fasterxml.jackson.core\jackson-databind\2.8.10\f7b83cb2bc4b88d53961e749e1ad32f49ef017b7\jackson-databind-2.8.10.jar;C:\Users\igor\.gradle\caches\modules-2\files-2.1\org.springframework\spring-webmvc\4.3.14.RELEASE\1571eab8a807005d424ca16fedd54b1f439787b2\spring-webmvc-4.3.14.RELEASE.jar;C:\Users\igor\.gradle\caches\modules-2\files-2.1\org.springframework\spring-web\4.3.14.RELEASE\a0c3bf3ad661db185675bd5af350f35ed11f0903\spring-web-4.3.14.RELEASE.jar;C:\Users\igor\.gradle\caches\modules-2\files-2.1\org.springframework.boot\spring-boot-test-autoconfigure\1.5.10.RELEASE\55242f7c194fb141de8460a92e92b716469fc3a8\spring-boot-test-autoconfigure-1.5.10.RELEASE.jar;C:\Users\igor\.gradle\caches\modules-2\files-2.1\org.springframework.boot\spring-boot-test\1.5.10.RELEASE\b7f28e8896906f0bbbb951727a7c5581c562d1c9\spring-boot-test-1.5.10.RELEASE.jar;C:\Users\igor\.gradle\caches\modules-2\files-2.1\com.jayway.jsonpath\json-path\2.2.0\22290d17944bd239fabf5ac69005a60a7ecbbbcb\json-path-2.2.0.jar;C:\Users\igor\.gradle\caches\modules-2\files-2.1\junit\junit\4.12\2973d150c0dc1fefe998f834810d68f278ea58ec\junit-4.12.jar;C:\Users\igor\.gradle\caches\modules-2\files-2.1\org.assertj\assertj-core\2.6.0\b532c3fc4f66bcfee4989a3514f1cd56203a33ad\assertj-core-2.6.0.jar;C:\Users\igor\.gradle\caches\modules-2\files-2.1\org.mockito\mockito-core\1.10.19\e8546f5bef4e061d8dd73895b4e8f40e3fe6effe\mockito-core-1.10.19.jar;C:\Users\igor\.gradle\caches\modules-2\files-2.1\org.hamcrest\hamcrest-library\1.3\4785a3c21320980282f9f33d0d1264a69040538f\hamcrest-library-1.3.jar;C:\Users\igor\.gradle\caches\modules-2\files-2.1\org.hamcrest\hamcrest-core\1.3\42a25dc3219429f0e5d060061f71acb49bf010a0\hamcrest-core-1.3.jar;C:\Users\igor\.gradle\caches\modules-2\files-2.1\org.skyscreamer\jsonassert\1.4.0\9cdbb373a06f6513e51e8c545ee6a5e981463edb\jsonassert-1.4.0.jar;C:\Users\igor\.gradle\caches\modules-2\files-2.1\org.springframework\spring-test\4.3.14.RELEASE\1a7f6f51a263a3e09e94403653348b3864412c53\spring-test-4.3.14.RELEASE.jar;C:\Users\igor\.gradle\caches\modules-2\files-2.1\org.springframework.boot\spring-boot-autoconfigure\1.5.10.RELEASE\be96efab0d35181f18c486b0ec8d6a41a7042fce\spring-boot-autoconfigure-1.5.10.RELEASE.jar;C:\Users\igor\.gradle\caches\modules-2\files-2.1\org.springframework.boot\spring-boot\1.5.10.RELEASE\594b3efa04829f62754a19f59f81ba204636167a\spring-boot-1.5.10.RELEASE.jar;C:\Users\igor\.gradle\caches\modules-2\files-2.1\org.springframework\spring-context\4.3.14.RELEASE\e50a712960926c30e537ef4a633f5d9dd5a8b155\spring-context-4.3.14.RELEASE.jar;C:\Users\igor\.gradle\caches\modules-2\files-2.1\org.springframework\spring-aop\4.3.14.RELEASE\dfe55b0592aead8e3eb0e6a4e98db433b9e09bd7\spring-aop-4.3.14.RELEASE.jar;C:\Users\igor\.gradle\caches\modules-2\files-2.1\org.springframework\spring-beans\4.3.14.RELEASE\7bcd17a68dd64e9447d7bff2c42ba7417678596e\spring-beans-4.3.14.RELEASE.jar;C:\Users\igor\.gradle\caches\modules-2\files-2.1\org.springframework\spring-expression\4.3.14.RELEASE\58477b44debcb49b09e962e3047ee74c2c033e89\spring-expression-4.3.14.RELEASE.jar;C:\Users\igor\.gradle\caches\modules-2\files-2.1\org.springframework\spring-core\4.3.14.RELEASE\c70ddb6204457a802d1f6882d65bca3e5b3c41df\spring-core-4.3.14.RELEASE.jar;C:\Users\igor\.gradle\caches\modules-2\files-2.1\org.springframework.boot\spring-boot-starter-logging\1.5.10.RELEASE\62c73688208b3173645d6701fc3eb95ca657e6c8\spring-boot-starter-logging-1.5.10.RELEASE.jar;C:\Users\igor\.gradle\caches\modules-2\files-2.1\org.yaml\snakeyaml\1.17\7a27ea250c5130b2922b86dea63cbb1cc10a660c\snakeyaml-1.17.jar;C:\Users\igor\.gradle\caches\modules-2\files-2.1\org.apache.tomcat.embed\tomcat-embed-websocket\8.5.27\3cba1c5187a17b0233de5712024d6e144036ba9a\tomcat-embed-websocket-8.5.27.jar;C:\Users\igor\.gradle\caches\modules-2\files-2.1\org.apache.tomcat.embed\tomcat-embed-core\8.5.27\a10612f0af27c7bfcc4e8d88393adad1fc5b4ece\tomcat-embed-core-8.5.27.jar;C:\Users\igor\.gradle\caches\modules-2\files-2.1\org.apache.tomcat.embed\tomcat-embed-el\8.5.27\5a591bcf5c930d2b37bb40c0f95180604a3b1a57\tomcat-embed-el-8.5.27.jar;C:\Users\igor\.gradle\caches\modules-2\files-2.1\javax.validation\validation-api\1.1.0.Final\8613ae82954779d518631e05daa73a6a954817d5\validation-api-1.1.0.Final.jar;C:\Users\igor\.gradle\caches\modules-2\files-2.1\org.jboss.logging\jboss-logging\3.3.1.Final\c46217ab74b532568c0ed31dc599db3048bd1b67\jboss-logging-3.3.1.Final.jar;C:\Users\igor\.gradle\caches\modules-2\files-2.1\com.fasterxml\classmate\1.3.4\3d5f48f10bbe4eb7bd862f10c0583be2e0053c6\classmate-1.3.4.jar;C:\Users\igor\.gradle\caches\modules-2\files-2.1\com.fasterxml.jackson.core\jackson-annotations\2.8.0\45b426f7796b741035581a176744d91090e2e6fb\jackson-annotations-2.8.0.jar;C:\Users\igor\.gradle\caches\modules-2\files-2.1\com.fasterxml.jackson.core\jackson-core\2.8.10\eb21a035c66ad307e66ec8fce37f5d50fd62d039\jackson-core-2.8.10.jar;C:\Users\igor\.gradle\caches\modules-2\files-2.1\net.minidev\json-smart\2.2.1\5b9e5df7a62d1279b70dc882b041d249c4f0b002\json-smart-2.2.1.jar;C:\Users\igor\.gradle\caches\modules-2\files-2.1\ch.qos.logback\logback-classic\1.1.11\ccedfbacef4a6515d2983e3f89ed753d5d4fb665\logback-classic-1.1.11.jar;C:\Users\igor\.gradle\caches\modules-2\files-2.1\org.slf4j\jcl-over-slf4j\1.7.25\f8c32b13ff142a513eeb5b6330b1588dcb2c0461\jcl-over-slf4j-1.7.25.jar;C:\Users\igor\.gradle\caches\modules-2\files-2.1\org.slf4j\jul-to-slf4j\1.7.25\af5364cd6679bfffb114f0dec8a157aaa283b76\jul-to-slf4j-1.7.25.jar;C:\Users\igor\.gradle\caches\modules-2\files-2.1\org.slf4j\log4j-over-slf4j\1.7.25\a87bb47468f47ee7aabbd54f93e133d4215769c3\log4j-over-slf4j-1.7.25.jar;C:\Users\igor\.gradle\caches\modules-2\files-2.1\org.slf4j\slf4j-api\1.7.25\da76ca59f6a57ee3102f8f9bd9cee742973efa8a\slf4j-api-1.7.25.jar;C:\Users\igor\.gradle\caches\modules-2\files-2.1\org.objenesis\objenesis\2.1\87c0ea803b69252868d09308b4618f766f135a96\objenesis-2.1.jar;C:\Users\igor\.gradle\caches\modules-2\files-2.1\com.vaadin.external.google\android-json\0.0.20131108.vaadin1\fa26d351fe62a6a17f5cda1287c1c6110dec413f\android-json-0.0.20131108.vaadin1.jar;C:\Users\igor\.gradle\caches\modules-2\files-2.1\org.apache.tomcat\tomcat-annotations-api\8.5.27\122c0a4acaba72bf4590e83c9fbcb3475c46edc5\tomcat-annotations-api-8.5.27.jar;C:\Users\igor\.gradle\caches\modules-2\files-2.1\net.minidev\accessors-smart\1.1\a527213f2fea112a04c9bdf0ec0264e34104cd08\accessors-smart-1.1.jar;C:\Users\igor\.gradle\caches\modules-2\files-2.1\ch.qos.logback\logback-core\1.1.11\88b8df40340eed549fb07e2613879bf6b006704d\logback-core-1.1.11.jar;C:\Users\igor\.gradle\caches\modules-2\files-2.1\org.ow2.asm\asm\5.0.3\dcc2193db20e19e1feca8b1240dbbc4e190824fa\asm-5.0.3.jar, user.name=igor, java.vm.specification.version=1.8, sun.java.command=worker.org.gradle.process.internal.worker.GradleWorkerMain 'Gradle Test Executor 3', java.home=C:\Java\jdk1.8.0_121\jre, sun.arch.data.model=64, user.language=en, java.specification.vendor=Oracle Corporation, awt.toolkit=sun.awt.windows.WToolkit, java.vm.info=mixed mode, java.version=1.8.0_121, java.ext.dirs=C:\Java\jdk1.8.0_121\jre\lib\ext;C:\WINDOWS\Sun\Java\lib\ext, sun.boot.class.path=C:\Java\jdk1.8.0_121\jre\lib\resources.jar;C:\Java\jdk1.8.0_121\jre\lib\rt.jar;C:\Java\jdk1.8.0_121\jre\lib\sunrsasign.jar;C:\Java\jdk1.8.0_121\jre\lib\jsse.jar;C:\Java\jdk1.8.0_121\jre\lib\jce.jar;C:\Java\jdk1.8.0_121\jre\lib\charsets.jar;C:\Java\jdk1.8.0_121\jre\lib\jfr.jar;C:\Java\jdk1.8.0_121\jre\classes, java.vendor=Oracle Corporation, org.gradle.test.worker=3, file.separator=\, java.vendor.url.bug=http://bugreport.sun.com/bugreport/, sun.io.unicode.encoding=UnicodeLittle, sun.cpu.endian=little, sun.desktop=windows, sun.cpu.isalist=amd64}}, SystemEnvironmentPropertySource@736642409 {name='systemEnvironment', properties={USERDOMAIN_ROAMINGPROFILE=IGORTXU, OPENSSL_CONF=C:\OpenSSL-Win32\bin\openssl.cfg, LOCALAPPDATA=C:\Users\igor\AppData\Local, PROCESSOR_LEVEL=6, FP_NO_HOST_CHECK=NO, USERDOMAIN=IGORTXU, LOGONSERVER=\\IGORTXU, SESSIONNAME=Console, ALLUSERSPROFILE=C:\ProgramData, PROCESSOR_ARCHITECTURE=AMD64, GIT_INSTALL_ROOT=C:\Users\igor\scoop\apps\git\current, ANDROID_HOME=C:\android-sdk, PSModulePath=C:\WINDOWS\system32\WindowsPowerShell\v1.0\Modules\, SystemDrive=C:, asl.log=Destination=file, OneDrive=C:\Users\igor\OneDrive, APPDATA=C:\Users\igor\AppData\Roaming, USERNAME=igor, ProgramFiles(x86)=C:\Program Files (x86), CommonProgramFiles=C:\Program Files\Common Files, Path=C:/Java/jdk1.8.0_121/jre/bin/server;C:/Java/jdk1.8.0_121/jre/bin;C:/Java/jdk1.8.0_121/jre/lib/amd64;C:\wamp\bin\php\php5.5.12;C:\WINDOWS\system32;C:\WINDOWS;C:\WINDOWS\System32\Wbem;C:\WINDOWS\System32\WindowsPowerShell\v1.0;C:\Program Files\Java\jre1.8.0_25\bin;C:\ProgramData\ComposerSetup\bin;C:\Users\igor\AppData\Roaming\Composer\vendor\bin;C:\android-sdk\platform-tools;C:\OpenSSL-Win32\bin;C:\android-sdk\tools;C:\WINDOWS\System32\WindowsPowerShell\v1.0\;C:\wp-cli\bin;C:\Program Files\apache-maven-3.5.2\bin;C:\Java\jdk1.8.0_121\jre\bin;C:\Users\igor\scoop\shims;C:\Users\igor\AppData\Local\Microsoft\WindowsApps;;C:\Program Files\sts-bundle\sts-3.9.2.RELEASE;, TESSDATA_PREFIX=C:\Program Files (x86)\Tesseract-OCR\, ANDROID_SDK=C:\android-sdk, PATHEXT=.COM;.EXE;.BAT;.CMD;.VBS;.VBE;.JS;.JSE;.WSF;.WSH;.MSC, OS=Windows_NT, COMPUTERNAME=IGORTXU, PROCESSOR_REVISION=170a, CommonProgramW6432=C:\Program Files\Common Files, ComSpec=C:\WINDOWS\system32\cmd.exe, ProgramData=C:\ProgramData, ProgramW6432=C:\Program Files, HOMEPATH=\Users\igor, SystemRoot=C:\WINDOWS, TEMP=C:\Users\igor\AppData\Local\Temp, HOMEDRIVE=C:, PROCESSOR_IDENTIFIER=Intel64 Family 6 Model 23 Stepping 10, GenuineIntel, USERPROFILE=C:\Users\igor, TMP=C:\Users\igor\AppData\Local\Temp, CommonProgramFiles(x86)=C:\Program Files (x86)\Common Files, ProgramFiles=C:\Program Files, PUBLIC=C:\Users\Public, NUMBER_OF_PROCESSORS=4, windir=C:\WINDOWS}}]
14:39:49.702 [Test worker] DEBUG org.springframework.core.env.MutablePropertySources - Adding PropertySource 'inline' with highest search precedence
14:39:49.726 [Test worker] DEBUG org.springframework.test.context.support.TestPropertySourceUtils - Adding inlined properties to environment: {spring.jmx.enabled=false, org.springframework.boot.test.autoconfigure.web.servlet.WebMvcTestContextBootstrapper=true, server.port=-1}
14:39:49.727 [Test worker] DEBUG org.springframework.core.env.StandardEnvironment - Adding PropertySource 'Inlined Test Properties' with highest search precedence

  .   ____          _            __ _ _
 /\\ / ___'_ __ _ _(_)_ __  __ _ \ \ \ \
( ( )\___ | '_ | '_| | '_ \/ _` | \ \ \ \
 \\/  ___)| |_)| | | | | || (_| |  ) ) ) )
  '  |____| .__|_| |_|_| |_\__, | / / / /
 =========|_|==============|___/=/_/_/_/
 :: Spring Boot ::       (v1.5.10.RELEASE)

2018-02-10 14:39:50.907  INFO 3524 --- [    Test worker] hello.WebMockTest                        : Starting WebMockTest on igortxu with PID 3524 (started by igor in C:\Users\igor\workspace-sts-3.9.2.RELEASE\gs-testing-web-complete)
2018-02-10 14:39:50.914  INFO 3524 --- [    Test worker] hello.WebMockTest                        : No active profile set, falling back to default profiles: default
2018-02-10 14:39:51.026  INFO 3524 --- [    Test worker] o.s.w.c.s.GenericWebApplicationContext   : Refreshing org.springframework.web.context.support.GenericWebApplicationContext@326d0778: startup date [Sat Feb 10 14:39:51 CET 2018]; root of context hierarchy
2018-02-10 14:39:59.652  INFO 3524 --- [    Test worker] s.w.s.m.m.a.RequestMappingHandlerAdapter : Looking for @ControllerAdvice: org.springframework.web.context.support.GenericWebApplicationContext@326d0778: startup date [Sat Feb 10 14:39:51 CET 2018]; root of context hierarchy
2018-02-10 14:39:59.916  INFO 3524 --- [    Test worker] s.w.s.m.m.a.RequestMappingHandlerMapping : Mapped "{[/greeting]}" onto public java.lang.String hello.GreetingController.greeting()
2018-02-10 14:39:59.922  INFO 3524 --- [    Test worker] s.w.s.m.m.a.RequestMappingHandlerMapping : Mapped "{[/error]}" onto public org.springframework.http.ResponseEntity<java.util.Map<java.lang.String, java.lang.Object>> org.springframework.boot.autoconfigure.web.BasicErrorController.error(javax.servlet.http.HttpServletRequest)
2018-02-10 14:39:59.923  INFO 3524 --- [    Test worker] s.w.s.m.m.a.RequestMappingHandlerMapping : Mapped "{[/error],produces=[text/html]}" onto public org.springframework.web.servlet.ModelAndView org.springframework.boot.autoconfigure.web.BasicErrorController.errorHtml(javax.servlet.http.HttpServletRequest,javax.servlet.http.HttpServletResponse)
2018-02-10 14:40:00.079  INFO 3524 --- [    Test worker] o.s.w.s.handler.SimpleUrlHandlerMapping  : Mapped URL path [/webjars/**] onto handler of type [class org.springframework.web.servlet.resource.ResourceHttpRequestHandler]
2018-02-10 14:40:00.079  INFO 3524 --- [    Test worker] o.s.w.s.handler.SimpleUrlHandlerMapping  : Mapped URL path [/**] onto handler of type [class org.springframework.web.servlet.resource.ResourceHttpRequestHandler]
2018-02-10 14:40:00.272  INFO 3524 --- [    Test worker] o.s.w.s.handler.SimpleUrlHandlerMapping  : Mapped URL path [/**/favicon.ico] onto handler of type [class org.springframework.web.servlet.resource.ResourceHttpRequestHandler]
2018-02-10 14:40:01.183  INFO 3524 --- [    Test worker] o.s.b.t.m.w.SpringBootMockServletContext : Initializing Spring FrameworkServlet ''
2018-02-10 14:40:01.183  INFO 3524 --- [    Test worker] o.s.t.web.servlet.TestDispatcherServlet  : FrameworkServlet '': initialization started
2018-02-10 14:40:01.332  INFO 3524 --- [    Test worker] o.s.t.web.servlet.TestDispatcherServlet  : FrameworkServlet '': initialization completed in 149 ms
2018-02-10 14:40:01.838  INFO 3524 --- [    Test worker] hello.WebMockTest                        : Started WebMockTest in 12.059 seconds (JVM running for 17.242)

MockHttpServletRequest:
      HTTP Method = GET
      Request URI = /greeting
       Parameters = {}
          Headers = {}

Handler:
             Type = hello.GreetingController
           Method = public java.lang.String hello.GreetingController.greeting()

Async:
    Async started = false
     Async result = null

Resolved Exception:
             Type = null

ModelAndView:
        View name = null
             View = null
            Model = null

FlashMap:
       Attributes = null

MockHttpServletResponse:
           Status = 200
    Error message = null
          Headers = {Content-Type=[text/plain;charset=UTF-8], Content-Length=[10]}
     Content type = text/plain;charset=UTF-8
             Body = Hello Mock
    Forwarded URL = null
   Redirected URL = null
          Cookies = []
]]></system-out>
  <system-err><![CDATA[]]></system-err>
</testsuite>
